{"/home/eleusis/Documents/remote_repos/api-data-testcases/src/controllers/codes.js": {"path":"/home/eleusis/Documents/remote_repos/api-data-testcases/src/controllers/codes.js","statementMap":{"0":{"start":{"line":1,"column":27},"end":{"line":17,"column":1}}},"fnMap":{},"branchMap":{},"s":{"0":1},"f":{},"b":{},"_coverageSchema":"1a1c01bbd47fc00a2c39e90264f33305004495a9","hash":"92b6823e4ef0c6e6ff4697b66b1842b4461a48b7"}
,"/home/eleusis/Documents/remote_repos/api-data-testcases/src/controllers/controllers.js": {"path":"/home/eleusis/Documents/remote_repos/api-data-testcases/src/controllers/controllers.js","statementMap":{"0":{"start":{"line":5,"column":21},"end":{"line":5,"column":39}},"1":{"start":{"line":12,"column":8},"end":{"line":12,"column":73}},"2":{"start":{"line":21,"column":8},"end":{"line":28,"column":9}},"3":{"start":{"line":22,"column":32},"end":{"line":22,"column":61}},"4":{"start":{"line":23,"column":36},"end":{"line":23,"column":62}},"5":{"start":{"line":24,"column":12},"end":{"line":24,"column":81}},"6":{"start":{"line":26,"column":12},"end":{"line":26,"column":74}},"7":{"start":{"line":27,"column":12},"end":{"line":27,"column":92}},"8":{"start":{"line":37,"column":8},"end":{"line":61,"column":9}},"9":{"start":{"line":39,"column":62},"end":{"line":39,"column":71}},"10":{"start":{"line":40,"column":27},"end":{"line":40,"column":29}},"11":{"start":{"line":41,"column":12},"end":{"line":41,"column":31}},"12":{"start":{"line":42,"column":12},"end":{"line":42,"column":64}},"13":{"start":{"line":42,"column":24},"end":{"line":42,"column":64}},"14":{"start":{"line":43,"column":12},"end":{"line":43,"column":39}},"15":{"start":{"line":43,"column":21},"end":{"line":43,"column":39}},"16":{"start":{"line":44,"column":12},"end":{"line":44,"column":56}},"17":{"start":{"line":44,"column":27},"end":{"line":44,"column":56}},"18":{"start":{"line":45,"column":12},"end":{"line":49,"column":13}},"19":{"start":{"line":46,"column":16},"end":{"line":46,"column":55}},"20":{"start":{"line":47,"column":16},"end":{"line":47,"column":80}},"21":{"start":{"line":47,"column":27},"end":{"line":47,"column":80}},"22":{"start":{"line":48,"column":16},"end":{"line":48,"column":76}},"23":{"start":{"line":48,"column":25},"end":{"line":48,"column":76}},"24":{"start":{"line":51,"column":12},"end":{"line":51,"column":60}},"25":{"start":{"line":52,"column":12},"end":{"line":52,"column":60}},"26":{"start":{"line":53,"column":33},"end":{"line":53,"column":101}},"27":{"start":{"line":54,"column":12},"end":{"line":56,"column":13}},"28":{"start":{"line":55,"column":16},"end":{"line":55,"column":136}},"29":{"start":{"line":57,"column":12},"end":{"line":57,"column":73}},"30":{"start":{"line":59,"column":12},"end":{"line":59,"column":70}},"31":{"start":{"line":60,"column":12},"end":{"line":60,"column":92}},"32":{"start":{"line":69,"column":8},"end":{"line":75,"column":9}},"33":{"start":{"line":70,"column":12},"end":{"line":70,"column":49}},"34":{"start":{"line":71,"column":12},"end":{"line":71,"column":106}},"35":{"start":{"line":73,"column":12},"end":{"line":73,"column":66}},"36":{"start":{"line":74,"column":12},"end":{"line":74,"column":92}},"37":{"start":{"line":85,"column":8},"end":{"line":96,"column":9}},"38":{"start":{"line":86,"column":12},"end":{"line":86,"column":63}},"39":{"start":{"line":87,"column":36},"end":{"line":87,"column":82}},"40":{"start":{"line":88,"column":12},"end":{"line":88,"column":69}},"41":{"start":{"line":89,"column":12},"end":{"line":91,"column":13}},"42":{"start":{"line":90,"column":16},"end":{"line":90,"column":121}},"43":{"start":{"line":92,"column":12},"end":{"line":92,"column":76}},"44":{"start":{"line":94,"column":12},"end":{"line":94,"column":65}},"45":{"start":{"line":95,"column":12},"end":{"line":95,"column":92}},"46":{"start":{"line":99,"column":8},"end":{"line":116,"column":21}},"47":{"start":{"line":100,"column":23},"end":{"line":100,"column":37}},"48":{"start":{"line":101,"column":12},"end":{"line":101,"column":48}},"49":{"start":{"line":102,"column":36},"end":{"line":113,"column":14}},"50":{"start":{"line":114,"column":12},"end":{"line":114,"column":41}},"51":{"start":{"line":115,"column":12},"end":{"line":115,"column":76}},"52":{"start":{"line":116,"column":15},"end":{"line":116,"column":20}},"53":{"start":{"line":117,"column":12},"end":{"line":117,"column":67}},"54":{"start":{"line":118,"column":12},"end":{"line":118,"column":92}},"55":{"start":{"line":127,"column":8},"end":{"line":136,"column":9}},"56":{"start":{"line":128,"column":28},"end":{"line":128,"column":83}},"57":{"start":{"line":129,"column":12},"end":{"line":131,"column":13}},"58":{"start":{"line":130,"column":16},"end":{"line":130,"column":119}},"59":{"start":{"line":132,"column":12},"end":{"line":132,"column":123}},"60":{"start":{"line":134,"column":12},"end":{"line":134,"column":74}},"61":{"start":{"line":135,"column":12},"end":{"line":135,"column":92}},"62":{"start":{"line":139,"column":8},"end":{"line":149,"column":9}},"63":{"start":{"line":140,"column":26},"end":{"line":140,"column":35}},"64":{"start":{"line":141,"column":28},"end":{"line":141,"column":109}},"65":{"start":{"line":142,"column":12},"end":{"line":144,"column":13}},"66":{"start":{"line":143,"column":16},"end":{"line":143,"column":119}},"67":{"start":{"line":145,"column":12},"end":{"line":145,"column":130}},"68":{"start":{"line":147,"column":12},"end":{"line":147,"column":74}},"69":{"start":{"line":148,"column":12},"end":{"line":148,"column":92}},"70":{"start":{"line":158,"column":8},"end":{"line":169,"column":9}},"71":{"start":{"line":159,"column":12},"end":{"line":159,"column":113}},"72":{"start":{"line":160,"column":12},"end":{"line":160,"column":62}},"73":{"start":{"line":161,"column":28},"end":{"line":161,"column":112}},"74":{"start":{"line":162,"column":12},"end":{"line":164,"column":13}},"75":{"start":{"line":163,"column":16},"end":{"line":163,"column":119}},"76":{"start":{"line":165,"column":12},"end":{"line":165,"column":130}},"77":{"start":{"line":167,"column":12},"end":{"line":167,"column":74}},"78":{"start":{"line":168,"column":12},"end":{"line":168,"column":92}},"79":{"start":{"line":174,"column":8},"end":{"line":189,"column":9}},"80":{"start":{"line":175,"column":31},"end":{"line":177,"column":69}},"81":{"start":{"line":178,"column":26},"end":{"line":178,"column":58}},"82":{"start":{"line":180,"column":8},"end":{"line":184,"column":9}},"83":{"start":{"line":181,"column":12},"end":{"line":181,"column":47}},"84":{"start":{"line":182,"column":12},"end":{"line":182,"column":43}},"85":{"start":{"line":183,"column":12},"end":{"line":183,"column":45}},"86":{"start":{"line":185,"column":12},"end":{"line":185,"column":70}},"87":{"start":{"line":187,"column":12},"end":{"line":187,"column":59}},"88":{"start":{"line":188,"column":12},"end":{"line":188,"column":92}},"89":{"start":{"line":194,"column":8},"end":{"line":215,"column":9}},"90":{"start":{"line":195,"column":31},"end":{"line":198,"column":14}},"91":{"start":{"line":199,"column":12},"end":{"line":199,"column":64}},"92":{"start":{"line":200,"column":28},"end":{"line":200,"column":30}},"93":{"start":{"line":201,"column":12},"end":{"line":210,"column":13}},"94":{"start":{"line":202,"column":16},"end":{"line":202,"column":32}},"95":{"start":{"line":203,"column":16},"end":{"line":209,"column":17}},"96":{"start":{"line":204,"column":20},"end":{"line":204,"column":59}},"97":{"start":{"line":207,"column":20},"end":{"line":207,"column":46}},"98":{"start":{"line":208,"column":20},"end":{"line":208,"column":50}},"99":{"start":{"line":211,"column":12},"end":{"line":211,"column":75}},"100":{"start":{"line":213,"column":12},"end":{"line":213,"column":59}},"101":{"start":{"line":214,"column":12},"end":{"line":214,"column":92}},"102":{"start":{"line":219,"column":8},"end":{"line":238,"column":9}},"103":{"start":{"line":220,"column":24},"end":{"line":220,"column":38}},"104":{"start":{"line":221,"column":37},"end":{"line":227,"column":14}},"105":{"start":{"line":228,"column":12},"end":{"line":228,"column":42}},"106":{"start":{"line":229,"column":30},"end":{"line":229,"column":51}},"107":{"start":{"line":230,"column":12},"end":{"line":233,"column":13}},"108":{"start":{"line":231,"column":16},"end":{"line":231,"column":54}},"109":{"start":{"line":232,"column":16},"end":{"line":232,"column":46}},"110":{"start":{"line":234,"column":12},"end":{"line":234,"column":70}},"111":{"start":{"line":236,"column":12},"end":{"line":236,"column":59}},"112":{"start":{"line":237,"column":12},"end":{"line":237,"column":92}}},"fnMap":{"0":{"name":"(anonymous_0)","decl":{"start":{"line":11,"column":4},"end":{"line":11,"column":5}},"loc":{"start":{"line":11,"column":17},"end":{"line":13,"column":5}},"line":11},"1":{"name":"(anonymous_1)","decl":{"start":{"line":20,"column":4},"end":{"line":20,"column":5}},"loc":{"start":{"line":20,"column":40},"end":{"line":29,"column":5}},"line":20},"2":{"name":"(anonymous_2)","decl":{"start":{"line":36,"column":4},"end":{"line":36,"column":5}},"loc":{"start":{"line":36,"column":37},"end":{"line":62,"column":5}},"line":36},"3":{"name":"(anonymous_3)","decl":{"start":{"line":68,"column":4},"end":{"line":68,"column":5}},"loc":{"start":{"line":68,"column":36},"end":{"line":76,"column":5}},"line":68},"4":{"name":"(anonymous_4)","decl":{"start":{"line":84,"column":4},"end":{"line":84,"column":5}},"loc":{"start":{"line":84,"column":38},"end":{"line":97,"column":5}},"line":84},"5":{"name":"(anonymous_5)","decl":{"start":{"line":98,"column":4},"end":{"line":98,"column":5}},"loc":{"start":{"line":98,"column":43},"end":{"line":120,"column":5}},"line":98},"6":{"name":"(anonymous_6)","decl":{"start":{"line":126,"column":4},"end":{"line":126,"column":5}},"loc":{"start":{"line":126,"column":40},"end":{"line":137,"column":5}},"line":126},"7":{"name":"(anonymous_7)","decl":{"start":{"line":138,"column":4},"end":{"line":138,"column":5}},"loc":{"start":{"line":138,"column":40},"end":{"line":150,"column":5}},"line":138},"8":{"name":"(anonymous_8)","decl":{"start":{"line":157,"column":4},"end":{"line":157,"column":5}},"loc":{"start":{"line":157,"column":40},"end":{"line":170,"column":5}},"line":157},"9":{"name":"(anonymous_9)","decl":{"start":{"line":173,"column":4},"end":{"line":173,"column":5}},"loc":{"start":{"line":173,"column":34},"end":{"line":190,"column":5}},"line":173},"10":{"name":"(anonymous_10)","decl":{"start":{"line":193,"column":4},"end":{"line":193,"column":5}},"loc":{"start":{"line":193,"column":32},"end":{"line":216,"column":5}},"line":193},"11":{"name":"(anonymous_11)","decl":{"start":{"line":218,"column":4},"end":{"line":218,"column":5}},"loc":{"start":{"line":218,"column":37},"end":{"line":239,"column":5}},"line":218}},"branchMap":{"0":{"loc":{"start":{"line":41,"column":20},"end":{"line":41,"column":30}},"type":"binary-expr","locations":[{"start":{"line":41,"column":20},"end":{"line":41,"column":21}},{"start":{"line":41,"column":25},"end":{"line":41,"column":30}}],"line":41},"1":{"loc":{"start":{"line":42,"column":12},"end":{"line":42,"column":64}},"type":"if","locations":[{"start":{"line":42,"column":12},"end":{"line":42,"column":64}},{"start":{},"end":{}}],"line":42},"2":{"loc":{"start":{"line":43,"column":12},"end":{"line":43,"column":39}},"type":"if","locations":[{"start":{"line":43,"column":12},"end":{"line":43,"column":39}},{"start":{},"end":{}}],"line":43},"3":{"loc":{"start":{"line":44,"column":12},"end":{"line":44,"column":56}},"type":"if","locations":[{"start":{"line":44,"column":12},"end":{"line":44,"column":56}},{"start":{},"end":{}}],"line":44},"4":{"loc":{"start":{"line":45,"column":12},"end":{"line":49,"column":13}},"type":"if","locations":[{"start":{"line":45,"column":12},"end":{"line":49,"column":13}},{"start":{},"end":{}}],"line":45},"5":{"loc":{"start":{"line":45,"column":16},"end":{"line":45,"column":28}},"type":"binary-expr","locations":[{"start":{"line":45,"column":16},"end":{"line":45,"column":21}},{"start":{"line":45,"column":25},"end":{"line":45,"column":28}}],"line":45},"6":{"loc":{"start":{"line":47,"column":16},"end":{"line":47,"column":80}},"type":"if","locations":[{"start":{"line":47,"column":16},"end":{"line":47,"column":80}},{"start":{},"end":{}}],"line":47},"7":{"loc":{"start":{"line":48,"column":16},"end":{"line":48,"column":76}},"type":"if","locations":[{"start":{"line":48,"column":16},"end":{"line":48,"column":76}},{"start":{},"end":{}}],"line":48},"8":{"loc":{"start":{"line":54,"column":12},"end":{"line":56,"column":13}},"type":"if","locations":[{"start":{"line":54,"column":12},"end":{"line":56,"column":13}},{"start":{},"end":{}}],"line":54},"9":{"loc":{"start":{"line":89,"column":12},"end":{"line":91,"column":13}},"type":"if","locations":[{"start":{"line":89,"column":12},"end":{"line":91,"column":13}},{"start":{},"end":{}}],"line":89},"10":{"loc":{"start":{"line":129,"column":12},"end":{"line":131,"column":13}},"type":"if","locations":[{"start":{"line":129,"column":12},"end":{"line":131,"column":13}},{"start":{},"end":{}}],"line":129},"11":{"loc":{"start":{"line":142,"column":12},"end":{"line":144,"column":13}},"type":"if","locations":[{"start":{"line":142,"column":12},"end":{"line":144,"column":13}},{"start":{},"end":{}}],"line":142},"12":{"loc":{"start":{"line":162,"column":12},"end":{"line":164,"column":13}},"type":"if","locations":[{"start":{"line":162,"column":12},"end":{"line":164,"column":13}},{"start":{},"end":{}}],"line":162},"13":{"loc":{"start":{"line":203,"column":16},"end":{"line":209,"column":17}},"type":"if","locations":[{"start":{"line":203,"column":16},"end":{"line":209,"column":17}},{"start":{"line":206,"column":20},"end":{"line":209,"column":17}}],"line":203}},"s":{"0":1,"1":1,"2":0,"3":0,"4":0,"5":0,"6":0,"7":0,"8":0,"9":0,"10":0,"11":0,"12":0,"13":0,"14":0,"15":0,"16":0,"17":0,"18":0,"19":0,"20":0,"21":0,"22":0,"23":0,"24":0,"25":0,"26":0,"27":0,"28":0,"29":0,"30":0,"31":0,"32":0,"33":0,"34":0,"35":0,"36":0,"37":3,"38":3,"39":3,"40":2,"41":2,"42":1,"43":1,"44":1,"45":1,"46":0,"47":0,"48":0,"49":0,"50":0,"51":0,"52":0,"53":0,"54":0,"55":0,"56":0,"57":0,"58":0,"59":0,"60":0,"61":0,"62":0,"63":0,"64":0,"65":0,"66":0,"67":0,"68":0,"69":0,"70":0,"71":0,"72":0,"73":0,"74":0,"75":0,"76":0,"77":0,"78":0,"79":0,"80":0,"81":0,"82":0,"83":0,"84":0,"85":0,"86":0,"87":0,"88":0,"89":0,"90":0,"91":0,"92":0,"93":0,"94":0,"95":0,"96":0,"97":0,"98":0,"99":0,"100":0,"101":0,"102":0,"103":0,"104":0,"105":0,"106":0,"107":0,"108":0,"109":0,"110":0,"111":0,"112":0},"f":{"0":1,"1":0,"2":0,"3":0,"4":3,"5":0,"6":0,"7":0,"8":0,"9":0,"10":0,"11":0},"b":{"0":[0,0],"1":[0,0],"2":[0,0],"3":[0,0],"4":[0,0],"5":[0,0],"6":[0,0],"7":[0,0],"8":[0,0],"9":[1,1],"10":[0,0],"11":[0,0],"12":[0,0],"13":[0,0]},"_coverageSchema":"1a1c01bbd47fc00a2c39e90264f33305004495a9","hash":"ade9d2db641323961adcd7b4b2212295bd3182ea"}
,"/home/eleusis/Documents/remote_repos/api-data-testcases/src/models/models.js": {"path":"/home/eleusis/Documents/remote_repos/api-data-testcases/src/models/models.js","statementMap":{"0":{"start":{"line":4,"column":15},"end":{"line":4,"column":30}},"1":{"start":{"line":6,"column":32},"end":{"line":63,"column":2}}},"fnMap":{},"branchMap":{},"s":{"0":1,"1":1},"f":{},"b":{},"_coverageSchema":"1a1c01bbd47fc00a2c39e90264f33305004495a9","hash":"f9f8a24b03c28cb753aafcecea22c6d18e401dc0"}
}
