{"/home/eleusis/Documents/remote_repos/api-data-testcases/src/controllers/codes.js": {"path":"/home/eleusis/Documents/remote_repos/api-data-testcases/src/controllers/codes.js","statementMap":{"0":{"start":{"line":1,"column":27},"end":{"line":17,"column":1}}},"fnMap":{},"branchMap":{},"s":{"0":1},"f":{},"b":{},"_coverageSchema":"1a1c01bbd47fc00a2c39e90264f33305004495a9","hash":"92b6823e4ef0c6e6ff4697b66b1842b4461a48b7"}
,"/home/eleusis/Documents/remote_repos/api-data-testcases/src/controllers/controllers.js": {"path":"/home/eleusis/Documents/remote_repos/api-data-testcases/src/controllers/controllers.js","statementMap":{"0":{"start":{"line":5,"column":21},"end":{"line":5,"column":39}},"1":{"start":{"line":7,"column":20},"end":{"line":7,"column":66}},"2":{"start":{"line":11,"column":8},"end":{"line":11,"column":37}},"3":{"start":{"line":20,"column":8},"end":{"line":29,"column":9}},"4":{"start":{"line":21,"column":32},"end":{"line":21,"column":61}},"5":{"start":{"line":22,"column":12},"end":{"line":22,"column":64}},"6":{"start":{"line":23,"column":36},"end":{"line":23,"column":62}},"7":{"start":{"line":24,"column":12},"end":{"line":24,"column":68}},"8":{"start":{"line":25,"column":12},"end":{"line":25,"column":81}},"9":{"start":{"line":27,"column":12},"end":{"line":27,"column":72}},"10":{"start":{"line":28,"column":12},"end":{"line":28,"column":92}},"11":{"start":{"line":38,"column":8},"end":{"line":62,"column":9}},"12":{"start":{"line":40,"column":62},"end":{"line":40,"column":71}},"13":{"start":{"line":41,"column":27},"end":{"line":41,"column":29}},"14":{"start":{"line":42,"column":12},"end":{"line":42,"column":31}},"15":{"start":{"line":43,"column":12},"end":{"line":43,"column":64}},"16":{"start":{"line":43,"column":24},"end":{"line":43,"column":64}},"17":{"start":{"line":44,"column":12},"end":{"line":44,"column":39}},"18":{"start":{"line":44,"column":21},"end":{"line":44,"column":39}},"19":{"start":{"line":45,"column":12},"end":{"line":45,"column":56}},"20":{"start":{"line":45,"column":27},"end":{"line":45,"column":56}},"21":{"start":{"line":46,"column":12},"end":{"line":50,"column":13}},"22":{"start":{"line":47,"column":16},"end":{"line":47,"column":55}},"23":{"start":{"line":48,"column":16},"end":{"line":48,"column":80}},"24":{"start":{"line":48,"column":27},"end":{"line":48,"column":80}},"25":{"start":{"line":49,"column":16},"end":{"line":49,"column":76}},"26":{"start":{"line":49,"column":25},"end":{"line":49,"column":76}},"27":{"start":{"line":52,"column":12},"end":{"line":52,"column":60}},"28":{"start":{"line":53,"column":12},"end":{"line":53,"column":60}},"29":{"start":{"line":54,"column":33},"end":{"line":54,"column":101}},"30":{"start":{"line":55,"column":12},"end":{"line":57,"column":13}},"31":{"start":{"line":56,"column":16},"end":{"line":56,"column":136}},"32":{"start":{"line":58,"column":12},"end":{"line":58,"column":73}},"33":{"start":{"line":60,"column":12},"end":{"line":60,"column":70}},"34":{"start":{"line":61,"column":12},"end":{"line":61,"column":92}},"35":{"start":{"line":70,"column":8},"end":{"line":76,"column":9}},"36":{"start":{"line":71,"column":12},"end":{"line":71,"column":49}},"37":{"start":{"line":72,"column":12},"end":{"line":72,"column":106}},"38":{"start":{"line":74,"column":12},"end":{"line":74,"column":66}},"39":{"start":{"line":75,"column":12},"end":{"line":75,"column":92}},"40":{"start":{"line":86,"column":8},"end":{"line":98,"column":9}},"41":{"start":{"line":87,"column":23},"end":{"line":87,"column":37}},"42":{"start":{"line":88,"column":12},"end":{"line":88,"column":51}},"43":{"start":{"line":89,"column":36},"end":{"line":89,"column":70}},"44":{"start":{"line":90,"column":12},"end":{"line":90,"column":69}},"45":{"start":{"line":91,"column":12},"end":{"line":93,"column":13}},"46":{"start":{"line":92,"column":16},"end":{"line":92,"column":41}},"47":{"start":{"line":94,"column":12},"end":{"line":94,"column":76}},"48":{"start":{"line":96,"column":12},"end":{"line":96,"column":65}},"49":{"start":{"line":97,"column":12},"end":{"line":97,"column":92}},"50":{"start":{"line":101,"column":8},"end":{"line":124,"column":9}},"51":{"start":{"line":102,"column":23},"end":{"line":102,"column":37}},"52":{"start":{"line":103,"column":12},"end":{"line":103,"column":48}},"53":{"start":{"line":104,"column":36},"end":{"line":115,"column":14}},"54":{"start":{"line":116,"column":12},"end":{"line":116,"column":41}},"55":{"start":{"line":117,"column":12},"end":{"line":119,"column":13}},"56":{"start":{"line":118,"column":16},"end":{"line":118,"column":41}},"57":{"start":{"line":120,"column":12},"end":{"line":120,"column":76}},"58":{"start":{"line":122,"column":12},"end":{"line":122,"column":65}},"59":{"start":{"line":123,"column":12},"end":{"line":123,"column":92}},"60":{"start":{"line":127,"column":8},"end":{"line":129,"column":50}},"61":{"start":{"line":137,"column":8},"end":{"line":146,"column":9}},"62":{"start":{"line":138,"column":28},"end":{"line":138,"column":83}},"63":{"start":{"line":139,"column":12},"end":{"line":141,"column":13}},"64":{"start":{"line":140,"column":16},"end":{"line":140,"column":119}},"65":{"start":{"line":142,"column":12},"end":{"line":142,"column":123}},"66":{"start":{"line":144,"column":12},"end":{"line":144,"column":74}},"67":{"start":{"line":145,"column":12},"end":{"line":145,"column":92}},"68":{"start":{"line":149,"column":8},"end":{"line":159,"column":9}},"69":{"start":{"line":150,"column":26},"end":{"line":150,"column":35}},"70":{"start":{"line":151,"column":28},"end":{"line":151,"column":109}},"71":{"start":{"line":152,"column":12},"end":{"line":154,"column":13}},"72":{"start":{"line":153,"column":16},"end":{"line":153,"column":119}},"73":{"start":{"line":155,"column":12},"end":{"line":155,"column":130}},"74":{"start":{"line":157,"column":12},"end":{"line":157,"column":74}},"75":{"start":{"line":158,"column":12},"end":{"line":158,"column":92}},"76":{"start":{"line":168,"column":8},"end":{"line":179,"column":9}},"77":{"start":{"line":169,"column":12},"end":{"line":169,"column":113}},"78":{"start":{"line":170,"column":12},"end":{"line":170,"column":62}},"79":{"start":{"line":171,"column":28},"end":{"line":171,"column":112}},"80":{"start":{"line":172,"column":12},"end":{"line":174,"column":13}},"81":{"start":{"line":173,"column":16},"end":{"line":173,"column":119}},"82":{"start":{"line":175,"column":12},"end":{"line":175,"column":130}},"83":{"start":{"line":177,"column":12},"end":{"line":177,"column":74}},"84":{"start":{"line":178,"column":12},"end":{"line":178,"column":92}},"85":{"start":{"line":184,"column":8},"end":{"line":199,"column":9}},"86":{"start":{"line":185,"column":31},"end":{"line":187,"column":69}},"87":{"start":{"line":188,"column":26},"end":{"line":188,"column":58}},"88":{"start":{"line":190,"column":8},"end":{"line":194,"column":9}},"89":{"start":{"line":191,"column":12},"end":{"line":191,"column":47}},"90":{"start":{"line":192,"column":12},"end":{"line":192,"column":43}},"91":{"start":{"line":193,"column":12},"end":{"line":193,"column":45}},"92":{"start":{"line":195,"column":12},"end":{"line":195,"column":70}},"93":{"start":{"line":197,"column":12},"end":{"line":197,"column":59}},"94":{"start":{"line":198,"column":12},"end":{"line":198,"column":92}},"95":{"start":{"line":204,"column":8},"end":{"line":225,"column":9}},"96":{"start":{"line":205,"column":31},"end":{"line":208,"column":14}},"97":{"start":{"line":209,"column":12},"end":{"line":209,"column":64}},"98":{"start":{"line":210,"column":28},"end":{"line":210,"column":30}},"99":{"start":{"line":211,"column":12},"end":{"line":220,"column":13}},"100":{"start":{"line":212,"column":16},"end":{"line":212,"column":32}},"101":{"start":{"line":213,"column":16},"end":{"line":219,"column":17}},"102":{"start":{"line":214,"column":20},"end":{"line":214,"column":59}},"103":{"start":{"line":217,"column":20},"end":{"line":217,"column":46}},"104":{"start":{"line":218,"column":20},"end":{"line":218,"column":50}},"105":{"start":{"line":221,"column":12},"end":{"line":221,"column":75}},"106":{"start":{"line":223,"column":12},"end":{"line":223,"column":59}},"107":{"start":{"line":224,"column":12},"end":{"line":224,"column":92}},"108":{"start":{"line":229,"column":8},"end":{"line":248,"column":9}},"109":{"start":{"line":230,"column":24},"end":{"line":230,"column":38}},"110":{"start":{"line":231,"column":37},"end":{"line":237,"column":14}},"111":{"start":{"line":238,"column":12},"end":{"line":238,"column":42}},"112":{"start":{"line":239,"column":30},"end":{"line":239,"column":51}},"113":{"start":{"line":240,"column":12},"end":{"line":243,"column":13}},"114":{"start":{"line":241,"column":16},"end":{"line":241,"column":54}},"115":{"start":{"line":242,"column":16},"end":{"line":242,"column":46}},"116":{"start":{"line":244,"column":12},"end":{"line":244,"column":70}},"117":{"start":{"line":246,"column":12},"end":{"line":246,"column":57}},"118":{"start":{"line":247,"column":12},"end":{"line":247,"column":92}}},"fnMap":{"0":{"name":"(anonymous_0)","decl":{"start":{"line":10,"column":4},"end":{"line":10,"column":5}},"loc":{"start":{"line":10,"column":17},"end":{"line":12,"column":5}},"line":10},"1":{"name":"(anonymous_1)","decl":{"start":{"line":19,"column":4},"end":{"line":19,"column":5}},"loc":{"start":{"line":19,"column":40},"end":{"line":30,"column":5}},"line":19},"2":{"name":"(anonymous_2)","decl":{"start":{"line":37,"column":4},"end":{"line":37,"column":5}},"loc":{"start":{"line":37,"column":37},"end":{"line":63,"column":5}},"line":37},"3":{"name":"(anonymous_3)","decl":{"start":{"line":69,"column":4},"end":{"line":69,"column":5}},"loc":{"start":{"line":69,"column":36},"end":{"line":77,"column":5}},"line":69},"4":{"name":"(anonymous_4)","decl":{"start":{"line":85,"column":4},"end":{"line":85,"column":5}},"loc":{"start":{"line":85,"column":38},"end":{"line":99,"column":5}},"line":85},"5":{"name":"(anonymous_5)","decl":{"start":{"line":100,"column":4},"end":{"line":100,"column":5}},"loc":{"start":{"line":100,"column":43},"end":{"line":125,"column":5}},"line":100},"6":{"name":"(anonymous_6)","decl":{"start":{"line":126,"column":4},"end":{"line":126,"column":5}},"loc":{"start":{"line":126,"column":23},"end":{"line":130,"column":5}},"line":126},"7":{"name":"(anonymous_7)","decl":{"start":{"line":136,"column":4},"end":{"line":136,"column":5}},"loc":{"start":{"line":136,"column":40},"end":{"line":147,"column":5}},"line":136},"8":{"name":"(anonymous_8)","decl":{"start":{"line":148,"column":4},"end":{"line":148,"column":5}},"loc":{"start":{"line":148,"column":40},"end":{"line":160,"column":5}},"line":148},"9":{"name":"(anonymous_9)","decl":{"start":{"line":167,"column":4},"end":{"line":167,"column":5}},"loc":{"start":{"line":167,"column":40},"end":{"line":180,"column":5}},"line":167},"10":{"name":"(anonymous_10)","decl":{"start":{"line":183,"column":4},"end":{"line":183,"column":5}},"loc":{"start":{"line":183,"column":34},"end":{"line":200,"column":5}},"line":183},"11":{"name":"(anonymous_11)","decl":{"start":{"line":203,"column":4},"end":{"line":203,"column":5}},"loc":{"start":{"line":203,"column":32},"end":{"line":226,"column":5}},"line":203},"12":{"name":"(anonymous_12)","decl":{"start":{"line":228,"column":4},"end":{"line":228,"column":5}},"loc":{"start":{"line":228,"column":37},"end":{"line":249,"column":5}},"line":228}},"branchMap":{"0":{"loc":{"start":{"line":42,"column":20},"end":{"line":42,"column":30}},"type":"binary-expr","locations":[{"start":{"line":42,"column":20},"end":{"line":42,"column":21}},{"start":{"line":42,"column":25},"end":{"line":42,"column":30}}],"line":42},"1":{"loc":{"start":{"line":43,"column":12},"end":{"line":43,"column":64}},"type":"if","locations":[{"start":{"line":43,"column":12},"end":{"line":43,"column":64}},{"start":{},"end":{}}],"line":43},"2":{"loc":{"start":{"line":44,"column":12},"end":{"line":44,"column":39}},"type":"if","locations":[{"start":{"line":44,"column":12},"end":{"line":44,"column":39}},{"start":{},"end":{}}],"line":44},"3":{"loc":{"start":{"line":45,"column":12},"end":{"line":45,"column":56}},"type":"if","locations":[{"start":{"line":45,"column":12},"end":{"line":45,"column":56}},{"start":{},"end":{}}],"line":45},"4":{"loc":{"start":{"line":46,"column":12},"end":{"line":50,"column":13}},"type":"if","locations":[{"start":{"line":46,"column":12},"end":{"line":50,"column":13}},{"start":{},"end":{}}],"line":46},"5":{"loc":{"start":{"line":46,"column":16},"end":{"line":46,"column":28}},"type":"binary-expr","locations":[{"start":{"line":46,"column":16},"end":{"line":46,"column":21}},{"start":{"line":46,"column":25},"end":{"line":46,"column":28}}],"line":46},"6":{"loc":{"start":{"line":48,"column":16},"end":{"line":48,"column":80}},"type":"if","locations":[{"start":{"line":48,"column":16},"end":{"line":48,"column":80}},{"start":{},"end":{}}],"line":48},"7":{"loc":{"start":{"line":49,"column":16},"end":{"line":49,"column":76}},"type":"if","locations":[{"start":{"line":49,"column":16},"end":{"line":49,"column":76}},{"start":{},"end":{}}],"line":49},"8":{"loc":{"start":{"line":55,"column":12},"end":{"line":57,"column":13}},"type":"if","locations":[{"start":{"line":55,"column":12},"end":{"line":57,"column":13}},{"start":{},"end":{}}],"line":55},"9":{"loc":{"start":{"line":91,"column":12},"end":{"line":93,"column":13}},"type":"if","locations":[{"start":{"line":91,"column":12},"end":{"line":93,"column":13}},{"start":{},"end":{}}],"line":91},"10":{"loc":{"start":{"line":117,"column":12},"end":{"line":119,"column":13}},"type":"if","locations":[{"start":{"line":117,"column":12},"end":{"line":119,"column":13}},{"start":{},"end":{}}],"line":117},"11":{"loc":{"start":{"line":139,"column":12},"end":{"line":141,"column":13}},"type":"if","locations":[{"start":{"line":139,"column":12},"end":{"line":141,"column":13}},{"start":{},"end":{}}],"line":139},"12":{"loc":{"start":{"line":152,"column":12},"end":{"line":154,"column":13}},"type":"if","locations":[{"start":{"line":152,"column":12},"end":{"line":154,"column":13}},{"start":{},"end":{}}],"line":152},"13":{"loc":{"start":{"line":172,"column":12},"end":{"line":174,"column":13}},"type":"if","locations":[{"start":{"line":172,"column":12},"end":{"line":174,"column":13}},{"start":{},"end":{}}],"line":172},"14":{"loc":{"start":{"line":213,"column":16},"end":{"line":219,"column":17}},"type":"if","locations":[{"start":{"line":213,"column":16},"end":{"line":219,"column":17}},{"start":{"line":216,"column":20},"end":{"line":219,"column":17}}],"line":213}},"s":{"0":1,"1":1,"2":1,"3":4,"4":4,"5":4,"6":4,"7":2,"8":2,"9":2,"10":2,"11":0,"12":0,"13":0,"14":0,"15":0,"16":0,"17":0,"18":0,"19":0,"20":0,"21":0,"22":0,"23":0,"24":0,"25":0,"26":0,"27":0,"28":0,"29":0,"30":0,"31":0,"32":0,"33":0,"34":0,"35":2,"36":2,"37":1,"38":1,"39":1,"40":3,"41":3,"42":3,"43":3,"44":2,"45":2,"46":1,"47":2,"48":1,"49":1,"50":3,"51":3,"52":3,"53":3,"54":2,"55":2,"56":1,"57":2,"58":1,"59":1,"60":2,"61":0,"62":0,"63":0,"64":0,"65":0,"66":0,"67":0,"68":0,"69":0,"70":0,"71":0,"72":0,"73":0,"74":0,"75":0,"76":0,"77":0,"78":0,"79":0,"80":0,"81":0,"82":0,"83":0,"84":0,"85":0,"86":0,"87":0,"88":0,"89":0,"90":0,"91":0,"92":0,"93":0,"94":0,"95":0,"96":0,"97":0,"98":0,"99":0,"100":0,"101":0,"102":0,"103":0,"104":0,"105":0,"106":0,"107":0,"108":0,"109":0,"110":0,"111":0,"112":0,"113":0,"114":0,"115":0,"116":0,"117":0,"118":0},"f":{"0":1,"1":4,"2":0,"3":2,"4":3,"5":3,"6":2,"7":0,"8":0,"9":0,"10":0,"11":0,"12":0},"b":{"0":[0,0],"1":[0,0],"2":[0,0],"3":[0,0],"4":[0,0],"5":[0,0],"6":[0,0],"7":[0,0],"8":[0,0],"9":[1,1],"10":[1,1],"11":[0,0],"12":[0,0],"13":[0,0],"14":[0,0]},"_coverageSchema":"1a1c01bbd47fc00a2c39e90264f33305004495a9","hash":"7101efed7b4bfe955abea8ae4d2132ef6650d083"}
,"/home/eleusis/Documents/remote_repos/api-data-testcases/src/models/models.js": {"path":"/home/eleusis/Documents/remote_repos/api-data-testcases/src/models/models.js","statementMap":{"0":{"start":{"line":4,"column":15},"end":{"line":4,"column":30}},"1":{"start":{"line":6,"column":32},"end":{"line":63,"column":2}}},"fnMap":{},"branchMap":{},"s":{"0":1,"1":1},"f":{},"b":{},"_coverageSchema":"1a1c01bbd47fc00a2c39e90264f33305004495a9","hash":"f9f8a24b03c28cb753aafcecea22c6d18e401dc0"}
}
