TN:
SF:src/controllers/codes.js
FNF:0
FNH:0
DA:1,1
LF:1
LH:1
BRF:0
BRH:0
end_of_record
TN:
SF:src/controllers/controllers.js
FN:10,(anonymous_0)
FN:19,(anonymous_1)
FN:37,(anonymous_2)
FN:69,(anonymous_3)
FN:85,(anonymous_4)
FN:100,(anonymous_5)
FN:126,(anonymous_6)
FN:136,(anonymous_7)
FN:148,(anonymous_8)
FN:167,(anonymous_9)
FN:183,(anonymous_10)
FN:203,(anonymous_11)
FN:228,(anonymous_12)
FNF:13
FNH:6
FNDA:1,(anonymous_0)
FNDA:4,(anonymous_1)
FNDA:0,(anonymous_2)
FNDA:2,(anonymous_3)
FNDA:3,(anonymous_4)
FNDA:3,(anonymous_5)
FNDA:2,(anonymous_6)
FNDA:0,(anonymous_7)
FNDA:0,(anonymous_8)
FNDA:0,(anonymous_9)
FNDA:0,(anonymous_10)
FNDA:0,(anonymous_11)
FNDA:0,(anonymous_12)
DA:5,1
DA:7,1
DA:11,1
DA:20,4
DA:21,4
DA:22,4
DA:23,4
DA:24,2
DA:25,2
DA:27,2
DA:28,2
DA:38,0
DA:40,0
DA:41,0
DA:42,0
DA:43,0
DA:44,0
DA:45,0
DA:46,0
DA:47,0
DA:48,0
DA:49,0
DA:52,0
DA:53,0
DA:54,0
DA:55,0
DA:56,0
DA:58,0
DA:60,0
DA:61,0
DA:70,2
DA:71,2
DA:72,1
DA:74,1
DA:75,1
DA:86,3
DA:87,3
DA:88,3
DA:89,3
DA:90,2
DA:91,2
DA:92,1
DA:94,2
DA:96,1
DA:97,1
DA:101,3
DA:102,3
DA:103,3
DA:104,3
DA:116,2
DA:117,2
DA:118,1
DA:120,2
DA:122,1
DA:123,1
DA:127,2
DA:137,0
DA:138,0
DA:139,0
DA:140,0
DA:142,0
DA:144,0
DA:145,0
DA:149,0
DA:150,0
DA:151,0
DA:152,0
DA:153,0
DA:155,0
DA:157,0
DA:158,0
DA:168,0
DA:169,0
DA:170,0
DA:171,0
DA:172,0
DA:173,0
DA:175,0
DA:177,0
DA:178,0
DA:184,0
DA:185,0
DA:188,0
DA:190,0
DA:191,0
DA:192,0
DA:193,0
DA:195,0
DA:197,0
DA:198,0
DA:204,0
DA:205,0
DA:209,0
DA:210,0
DA:211,0
DA:212,0
DA:213,0
DA:214,0
DA:217,0
DA:218,0
DA:221,0
DA:223,0
DA:224,0
DA:229,0
DA:230,0
DA:231,0
DA:238,0
DA:239,0
DA:240,0
DA:241,0
DA:242,0
DA:244,0
DA:246,0
DA:247,0
LF:114
LH:37
BRDA:42,0,0,0
BRDA:42,0,1,0
BRDA:43,1,0,0
BRDA:43,1,1,0
BRDA:44,2,0,0
BRDA:44,2,1,0
BRDA:45,3,0,0
BRDA:45,3,1,0
BRDA:46,4,0,0
BRDA:46,4,1,0
BRDA:46,5,0,0
BRDA:46,5,1,0
BRDA:48,6,0,0
BRDA:48,6,1,0
BRDA:49,7,0,0
BRDA:49,7,1,0
BRDA:55,8,0,0
BRDA:55,8,1,0
BRDA:91,9,0,1
BRDA:91,9,1,1
BRDA:117,10,0,1
BRDA:117,10,1,1
BRDA:139,11,0,0
BRDA:139,11,1,0
BRDA:152,12,0,0
BRDA:152,12,1,0
BRDA:172,13,0,0
BRDA:172,13,1,0
BRDA:213,14,0,0
BRDA:213,14,1,0
BRF:30
BRH:4
end_of_record
TN:
SF:src/models/models.js
FNF:0
FNH:0
DA:4,1
DA:6,1
LF:2
LH:2
BRF:0
BRH:0
end_of_record
